<?xml version="1.0" encoding="UTF-8"?>
<!-- Generated by org.testng.reporters.JUnitXMLReporter -->
<testsuite ignored="0" hostname="DatBOI" failures="1" tests="22" name="TutorialsNiinjaAutoMationTest" time="199.135" errors="0" timestamp="2023-12-14T00:45:33 EST">
  <testcase classname="com.tutorialsninja.qa.testcases.LoginTest" name="verifyLoginWithValidCredentials" time="1.349"/>
  <testcase classname="com.tutorialsninja.qa.testcases.LoginTest" name="verifyLoginWithInvalidCredentials" time="2.346"/>
  <testcase classname="com.tutorialsninja.qa.testcases.LoginTest" name="verifyLoginWithValidUserAndInValidPassword" time="1.161"/>
  <testcase classname="com.tutorialsninja.qa.testcases.LoginTest" name="verifyLoginWithValidPasswordAndInvalidUserName" time="0.973"/>
  <testcase classname="com.tutorialsninja.qa.testcases.LoginTest" name="verifyLoginWithNoCredentials" time="1.45"/>
  <testcase classname="com.tutorialsninja.qa.testcases.LoginTest" name="loginWithValidCredentialsUsingExcel" time="3.109"/>
  <testcase classname="com.tutorialsninja.qa.testcases.LoginTest" name="loginWithValidCredentialsUsingExcel" time="1.369"/>
  <testcase classname="com.tutorialsninja.qa.testcases.LoginTest" name="loginWithValidCredentialsUsingExcel" time="1.312"/>
  <testcase classname="com.tutorialsninja.qa.testcases.LoginTest" name="loginWithValidCredentialsUsingExcel" time="2.383"/>
  <testcase classname="com.tutorialsninja.qa.testcases.LoginTest" name="loginWithValidCredentialsUsingExcel" time="1.481"/>
  <testcase classname="com.tutorialsninja.qa.testcases.LoginTest" name="loginWithValidCredentialsUsingExcel" time="1.793"/>
  <testcase classname="com.tutorialsninja.qa.testcases.LoginTest" name="loginWithValidCredentialsUsingExcel" time="1.262"/>
  <testcase classname="com.tutorialsninja.qa.testcases.LoginTest" name="loginWithValidCredentialsUsingExcel" time="1.783"/>
  <testcase classname="com.tutorialsninja.qa.testcases.LoginTest" name="loginWithValidCredentialsUsingExcel" time="2.239"/>
  <testcase classname="com.tutorialsninja.qa.testcases.RegisterTest" name="registerAccountWithMandatoryFields" time="2.38"/>
  <testcase classname="com.tutorialsninja.qa.testcases.RegisterTest" name="registerAccountWithExistingEmailID" time="1.78"/>
  <testcase classname="com.tutorialsninja.qa.testcases.RegisterTest" name="registerAccountWithAllFields" time="2.234"/>
  <testcase classname="com.tutorialsninja.qa.testcases.RegisterTest" name="registerWithoutFillingAnyFields" time="2.47"/>
  <testcase classname="com.tutorialsninja.qa.testcases.RegisterTest" name="registerAccountWithOutOfBoundsCharacters" time="0.003"/>
  <testcase classname="com.tutorialsninja.qa.testcases.SearchProductTest" name="searchWithValidProductName" time="0.861"/>
  <testcase classname="com.tutorialsninja.qa.testcases.SearchProductTest" name="searchWithInvalidProductName" time="0.66">
    <failure type="java.lang.AssertionError">
      <![CDATA[java.lang.AssertionError
at org.junit.Assert.fail(Assert.java:87)
at org.junit.Assert.fail(Assert.java:96)
at com.tutorialsninja.qa.testcases.SearchProductTest.searchWithInvalidProductName(SearchProductTest.java:61)
at java.base/java.util.ArrayList.forEach(ArrayList.java:1511)
... Removed 27 stack frames]]>
    </failure>
  </testcase> <!-- searchWithInvalidProductName -->
  <testcase classname="com.tutorialsninja.qa.testcases.SearchProductTest" name="searchWithNoProduct" time="0.625"/>
</testsuite> <!-- TutorialsNiinjaAutoMationTest -->
