<?xml version="1.0" encoding="UTF-8"?>
<!-- Generated by org.testng.reporters.JUnitXMLReporter -->
<testsuite ignored="0" hostname="DatBOI" failures="1" tests="22" name="TutorialsNiinjaAutoMationTest" time="193.893" errors="0" timestamp="2023-09-02T17:29:26 EDT">
  <testcase classname="com.tutorialsninja.qa.testcases.LoginTest" name="verifyLoginWithValidCredentials" time="1.44"/>
  <testcase classname="com.tutorialsninja.qa.testcases.LoginTest" name="verifyLoginWithInvalidCredentials" time="1.177"/>
  <testcase classname="com.tutorialsninja.qa.testcases.LoginTest" name="verifyLoginWithValidUserAndInValidPassword" time="1.044"/>
  <testcase classname="com.tutorialsninja.qa.testcases.LoginTest" name="verifyLoginWithValidPasswordAndInvalidUserName" time="1.113"/>
  <testcase classname="com.tutorialsninja.qa.testcases.LoginTest" name="verifyLoginWithNoCredentials" time="0.615"/>
  <testcase classname="com.tutorialsninja.qa.testcases.LoginTest" name="loginWithValidCredentialsUsingExcel" time="1.316"/>
  <testcase classname="com.tutorialsninja.qa.testcases.LoginTest" name="loginWithValidCredentialsUsingExcel" time="1.233"/>
  <testcase classname="com.tutorialsninja.qa.testcases.LoginTest" name="loginWithValidCredentialsUsingExcel" time="1.302"/>
  <testcase classname="com.tutorialsninja.qa.testcases.LoginTest" name="loginWithValidCredentialsUsingExcel" time="1.18"/>
  <testcase classname="com.tutorialsninja.qa.testcases.LoginTest" name="loginWithValidCredentialsUsingExcel" time="1.21"/>
  <testcase classname="com.tutorialsninja.qa.testcases.LoginTest" name="loginWithValidCredentialsUsingExcel" time="1.404"/>
  <testcase classname="com.tutorialsninja.qa.testcases.LoginTest" name="loginWithValidCredentialsUsingExcel" time="1.257"/>
  <testcase classname="com.tutorialsninja.qa.testcases.LoginTest" name="loginWithValidCredentialsUsingExcel" time="2.188"/>
  <testcase classname="com.tutorialsninja.qa.testcases.LoginTest" name="loginWithValidCredentialsUsingExcel" time="1.325"/>
  <testcase classname="com.tutorialsninja.qa.testcases.RegisterTest" name="registerAccountWithMandatoryFields" time="2.365"/>
  <testcase classname="com.tutorialsninja.qa.testcases.RegisterTest" name="registerAccountWithExistingEmailID" time="1.587"/>
  <testcase classname="com.tutorialsninja.qa.testcases.RegisterTest" name="registerAccountWithAllFields" time="2.124"/>
  <testcase classname="com.tutorialsninja.qa.testcases.RegisterTest" name="registerWithoutFillingAnyFields" time="2.192"/>
  <testcase classname="com.tutorialsninja.qa.testcases.RegisterTest" name="registerAccountWithOutOfBoundsCharacters" time="0.001"/>
  <testcase classname="com.tutorialsninja.qa.testcases.SearchProductTest" name="searchWithValidProductName" time="0.983"/>
  <testcase classname="com.tutorialsninja.qa.testcases.SearchProductTest" name="searchWithInvalidProductName" time="0.639">
    <failure type="java.lang.AssertionError">
      <![CDATA[java.lang.AssertionError
at org.junit.Assert.fail(Assert.java:87)
at org.junit.Assert.fail(Assert.java:96)
at com.tutorialsninja.qa.testcases.SearchProductTest.searchWithInvalidProductName(SearchProductTest.java:61)
at java.base/java.util.ArrayList.forEach(ArrayList.java:1511)
... Removed 31 stack frames]]>
    </failure>
  </testcase> <!-- searchWithInvalidProductName -->
  <testcase classname="com.tutorialsninja.qa.testcases.SearchProductTest" name="searchWithNoProduct" time="0.573"/>
</testsuite> <!-- TutorialsNiinjaAutoMationTest -->
