<?xml version="1.0" encoding="UTF-8"?>
<!-- Generated by org.testng.reporters.JUnitXMLReporter -->
<testsuite ignored="0" hostname="DatBOI" failures="0" tests="3" name="Default test" time="28.95" errors="0" timestamp="2023-08-30T18:12:02 EDT">
  <testcase classname="com.tutorialsninja.qa.testcases.SearchProductTest" name="searchWithValidProductName" time="0.967"/>
  <testcase classname="com.tutorialsninja.qa.testcases.SearchProductTest" name="searchWithInvalidProductName" time="0.681"/>
  <testcase classname="com.tutorialsninja.qa.testcases.SearchProductTest" name="searchWithNoProduct" time="0.613"/>
</testsuite> <!-- Default test -->
