<?xml version="1.0" encoding="UTF-8"?>
<testng-results ignored="0" total="14" passed="14" failed="0" skipped="0">
  <reporter-output>
  </reporter-output>
  <suite started-at="2023-09-02T17:57:04 EDT" name="Default suite" finished-at="2023-09-02T17:59:06 EDT" duration-ms="122134">
    <groups>
    </groups>
    <test started-at="2023-09-02T17:57:04 EDT" name="Default test" finished-at="2023-09-02T17:59:06 EDT" duration-ms="122134">
      <class name="com.tutorialsninja.qa.testcases.LoginTest">
        <test-method is-config="true" signature="setUp()[pri:0, instance:com.tutorialsninja.qa.testcases.LoginTest@33bc72d1]" started-at="2023-09-02T17:57:04 EDT" name="setUp" finished-at="2023-09-02T17:57:15 EDT" duration-ms="10933" status="PASS">
          <reporter-output>
          </reporter-output>
        </test-method> <!-- setUp -->
        <test-method signature="verifyLoginWithValidCredentials()[pri:1, instance:com.tutorialsninja.qa.testcases.LoginTest@33bc72d1]" started-at="2023-09-02T17:57:15 EDT" name="verifyLoginWithValidCredentials" finished-at="2023-09-02T17:57:17 EDT" duration-ms="1438" status="PASS">
          <reporter-output>
          </reporter-output>
        </test-method> <!-- verifyLoginWithValidCredentials -->
        <test-method is-config="true" signature="tearDown()[pri:0, instance:com.tutorialsninja.qa.testcases.LoginTest@33bc72d1]" started-at="2023-09-02T17:57:17 EDT" name="tearDown" finished-at="2023-09-02T17:57:17 EDT" duration-ms="363" status="PASS">
          <reporter-output>
          </reporter-output>
        </test-method> <!-- tearDown -->
        <test-method is-config="true" signature="setUp()[pri:0, instance:com.tutorialsninja.qa.testcases.LoginTest@33bc72d1]" started-at="2023-09-02T17:57:17 EDT" name="setUp" finished-at="2023-09-02T17:57:25 EDT" duration-ms="7981" status="PASS">
          <reporter-output>
          </reporter-output>
        </test-method> <!-- setUp -->
        <test-method signature="verifyLoginWithInvalidCredentials()[pri:2, instance:com.tutorialsninja.qa.testcases.LoginTest@33bc72d1]" started-at="2023-09-02T17:57:25 EDT" name="verifyLoginWithInvalidCredentials" finished-at="2023-09-02T17:57:26 EDT" duration-ms="1049" status="PASS">
          <reporter-output>
          </reporter-output>
        </test-method> <!-- verifyLoginWithInvalidCredentials -->
        <test-method is-config="true" signature="tearDown()[pri:0, instance:com.tutorialsninja.qa.testcases.LoginTest@33bc72d1]" started-at="2023-09-02T17:57:26 EDT" name="tearDown" finished-at="2023-09-02T17:57:26 EDT" duration-ms="289" status="PASS">
          <reporter-output>
          </reporter-output>
        </test-method> <!-- tearDown -->
        <test-method is-config="true" signature="setUp()[pri:0, instance:com.tutorialsninja.qa.testcases.LoginTest@33bc72d1]" started-at="2023-09-02T17:57:26 EDT" name="setUp" finished-at="2023-09-02T17:57:34 EDT" duration-ms="7125" status="PASS">
          <reporter-output>
          </reporter-output>
        </test-method> <!-- setUp -->
        <test-method signature="verifyLoginWithValidUserAndInValidPassword()[pri:3, instance:com.tutorialsninja.qa.testcases.LoginTest@33bc72d1]" started-at="2023-09-02T17:57:34 EDT" name="verifyLoginWithValidUserAndInValidPassword" finished-at="2023-09-02T17:57:34 EDT" duration-ms="877" status="PASS">
          <reporter-output>
          </reporter-output>
        </test-method> <!-- verifyLoginWithValidUserAndInValidPassword -->
        <test-method is-config="true" signature="tearDown()[pri:0, instance:com.tutorialsninja.qa.testcases.LoginTest@33bc72d1]" started-at="2023-09-02T17:57:34 EDT" name="tearDown" finished-at="2023-09-02T17:57:35 EDT" duration-ms="257" status="PASS">
          <reporter-output>
          </reporter-output>
        </test-method> <!-- tearDown -->
        <test-method is-config="true" signature="setUp()[pri:0, instance:com.tutorialsninja.qa.testcases.LoginTest@33bc72d1]" started-at="2023-09-02T17:57:35 EDT" name="setUp" finished-at="2023-09-02T17:57:41 EDT" duration-ms="6401" status="PASS">
          <reporter-output>
          </reporter-output>
        </test-method> <!-- setUp -->
        <test-method signature="verifyLoginWithValidPasswordAndInvalidUserName()[pri:4, instance:com.tutorialsninja.qa.testcases.LoginTest@33bc72d1]" started-at="2023-09-02T17:57:41 EDT" name="verifyLoginWithValidPasswordAndInvalidUserName" finished-at="2023-09-02T17:57:42 EDT" duration-ms="967" status="PASS">
          <reporter-output>
          </reporter-output>
        </test-method> <!-- verifyLoginWithValidPasswordAndInvalidUserName -->
        <test-method is-config="true" signature="tearDown()[pri:0, instance:com.tutorialsninja.qa.testcases.LoginTest@33bc72d1]" started-at="2023-09-02T17:57:42 EDT" name="tearDown" finished-at="2023-09-02T17:57:42 EDT" duration-ms="375" status="PASS">
          <reporter-output>
          </reporter-output>
        </test-method> <!-- tearDown -->
        <test-method is-config="true" signature="setUp()[pri:0, instance:com.tutorialsninja.qa.testcases.LoginTest@33bc72d1]" started-at="2023-09-02T17:57:42 EDT" name="setUp" finished-at="2023-09-02T17:57:50 EDT" duration-ms="7052" status="PASS">
          <reporter-output>
          </reporter-output>
        </test-method> <!-- setUp -->
        <test-method signature="verifyLoginWithNoCredentials()[pri:5, instance:com.tutorialsninja.qa.testcases.LoginTest@33bc72d1]" started-at="2023-09-02T17:57:50 EDT" name="verifyLoginWithNoCredentials" finished-at="2023-09-02T17:57:50 EDT" duration-ms="594" status="PASS">
          <reporter-output>
          </reporter-output>
        </test-method> <!-- verifyLoginWithNoCredentials -->
        <test-method is-config="true" signature="tearDown()[pri:0, instance:com.tutorialsninja.qa.testcases.LoginTest@33bc72d1]" started-at="2023-09-02T17:57:50 EDT" name="tearDown" finished-at="2023-09-02T17:57:50 EDT" duration-ms="303" status="PASS">
          <reporter-output>
          </reporter-output>
        </test-method> <!-- tearDown -->
        <test-method is-config="true" signature="setUp()[pri:0, instance:com.tutorialsninja.qa.testcases.LoginTest@33bc72d1]" started-at="2023-09-02T17:57:51 EDT" name="setUp" finished-at="2023-09-02T17:57:58 EDT" duration-ms="6199" status="PASS">
          <reporter-output>
          </reporter-output>
        </test-method> <!-- setUp -->
        <test-method signature="loginWithValidCredentialsUsingExcel(java.lang.String,java.lang.String)[pri:6, instance:com.tutorialsninja.qa.testcases.LoginTest@33bc72d1]" started-at="2023-09-02T17:57:58 EDT" name="loginWithValidCredentialsUsingExcel" data-provider="TutorialsNinjaLogin" finished-at="2023-09-02T17:57:59 EDT" duration-ms="1229" status="PASS">
          <params>
            <param index="0">
              <value>
                <![CDATA[CaptainJackSparrow@gmail.com]]>
              </value>
            </param>
            <param index="1">
              <value>
                <![CDATA[BlackPearlLover123]]>
              </value>
            </param>
          </params>
          <reporter-output>
          </reporter-output>
        </test-method> <!-- loginWithValidCredentialsUsingExcel -->
        <test-method is-config="true" signature="tearDown()[pri:0, instance:com.tutorialsninja.qa.testcases.LoginTest@33bc72d1]" started-at="2023-09-02T17:57:59 EDT" name="tearDown" finished-at="2023-09-02T17:57:59 EDT" duration-ms="295" status="PASS">
          <reporter-output>
          </reporter-output>
        </test-method> <!-- tearDown -->
        <test-method is-config="true" signature="setUp()[pri:0, instance:com.tutorialsninja.qa.testcases.LoginTest@33bc72d1]" started-at="2023-09-02T17:57:59 EDT" name="setUp" finished-at="2023-09-02T17:58:06 EDT" duration-ms="7083" status="PASS">
          <reporter-output>
          </reporter-output>
        </test-method> <!-- setUp -->
        <test-method signature="loginWithValidCredentialsUsingExcel(java.lang.String,java.lang.String)[pri:6, instance:com.tutorialsninja.qa.testcases.LoginTest@33bc72d1]" started-at="2023-09-02T17:58:06 EDT" name="loginWithValidCredentialsUsingExcel" data-provider="TutorialsNinjaLogin" finished-at="2023-09-02T17:58:07 EDT" duration-ms="1254" status="PASS">
          <params>
            <param index="0">
              <value>
                <![CDATA[IamGriffin@yahoo.com]]>
              </value>
            </param>
            <param index="1">
              <value>
                <![CDATA[TheDogtalks69]]>
              </value>
            </param>
          </params>
          <reporter-output>
          </reporter-output>
        </test-method> <!-- loginWithValidCredentialsUsingExcel -->
        <test-method is-config="true" signature="tearDown()[pri:0, instance:com.tutorialsninja.qa.testcases.LoginTest@33bc72d1]" started-at="2023-09-02T17:58:07 EDT" name="tearDown" finished-at="2023-09-02T17:58:08 EDT" duration-ms="369" status="PASS">
          <reporter-output>
          </reporter-output>
        </test-method> <!-- tearDown -->
        <test-method is-config="true" signature="setUp()[pri:0, instance:com.tutorialsninja.qa.testcases.LoginTest@33bc72d1]" started-at="2023-09-02T17:58:08 EDT" name="setUp" finished-at="2023-09-02T17:58:15 EDT" duration-ms="7136" status="PASS">
          <reporter-output>
          </reporter-output>
        </test-method> <!-- setUp -->
        <test-method signature="loginWithValidCredentialsUsingExcel(java.lang.String,java.lang.String)[pri:6, instance:com.tutorialsninja.qa.testcases.LoginTest@33bc72d1]" started-at="2023-09-02T17:58:15 EDT" name="loginWithValidCredentialsUsingExcel" data-provider="TutorialsNinjaLogin" finished-at="2023-09-02T17:58:16 EDT" duration-ms="1168" status="PASS">
          <params>
            <param index="0">
              <value>
                <![CDATA[JohnnyDeppster@gmail.com]]>
              </value>
            </param>
            <param index="1">
              <value>
                <![CDATA[Amberismean221]]>
              </value>
            </param>
          </params>
          <reporter-output>
          </reporter-output>
        </test-method> <!-- loginWithValidCredentialsUsingExcel -->
        <test-method is-config="true" signature="tearDown()[pri:0, instance:com.tutorialsninja.qa.testcases.LoginTest@33bc72d1]" started-at="2023-09-02T17:58:16 EDT" name="tearDown" finished-at="2023-09-02T17:58:16 EDT" duration-ms="255" status="PASS">
          <reporter-output>
          </reporter-output>
        </test-method> <!-- tearDown -->
        <test-method is-config="true" signature="setUp()[pri:0, instance:com.tutorialsninja.qa.testcases.LoginTest@33bc72d1]" started-at="2023-09-02T17:58:16 EDT" name="setUp" finished-at="2023-09-02T17:58:23 EDT" duration-ms="6491" status="PASS">
          <reporter-output>
          </reporter-output>
        </test-method> <!-- setUp -->
        <test-method signature="loginWithValidCredentialsUsingExcel(java.lang.String,java.lang.String)[pri:6, instance:com.tutorialsninja.qa.testcases.LoginTest@33bc72d1]" started-at="2023-09-02T17:58:23 EDT" name="loginWithValidCredentialsUsingExcel" data-provider="TutorialsNinjaLogin" finished-at="2023-09-02T17:58:24 EDT" duration-ms="1334" status="PASS">
          <params>
            <param index="0">
              <value>
                <![CDATA[PeterPhotography@gmail.com]]>
              </value>
            </param>
            <param index="1">
              <value>
                <![CDATA[IamSpiderMan321]]>
              </value>
            </param>
          </params>
          <reporter-output>
          </reporter-output>
        </test-method> <!-- loginWithValidCredentialsUsingExcel -->
        <test-method is-config="true" signature="tearDown()[pri:0, instance:com.tutorialsninja.qa.testcases.LoginTest@33bc72d1]" started-at="2023-09-02T17:58:24 EDT" name="tearDown" finished-at="2023-09-02T17:58:24 EDT" duration-ms="338" status="PASS">
          <reporter-output>
          </reporter-output>
        </test-method> <!-- tearDown -->
        <test-method is-config="true" signature="setUp()[pri:0, instance:com.tutorialsninja.qa.testcases.LoginTest@33bc72d1]" started-at="2023-09-02T17:58:24 EDT" name="setUp" finished-at="2023-09-02T17:58:31 EDT" duration-ms="6687" status="PASS">
          <reporter-output>
          </reporter-output>
        </test-method> <!-- setUp -->
        <test-method signature="loginWithValidCredentialsUsingExcel(java.lang.String,java.lang.String)[pri:6, instance:com.tutorialsninja.qa.testcases.LoginTest@33bc72d1]" started-at="2023-09-02T17:58:31 EDT" name="loginWithValidCredentialsUsingExcel" data-provider="TutorialsNinjaLogin" finished-at="2023-09-02T17:58:33 EDT" duration-ms="1337" status="PASS">
          <params>
            <param index="0">
              <value>
                <![CDATA[WilliamTurn3r@gmail.com]]>
              </value>
            </param>
            <param index="1">
              <value>
                <![CDATA[StuckOnThedutch66]]>
              </value>
            </param>
          </params>
          <reporter-output>
          </reporter-output>
        </test-method> <!-- loginWithValidCredentialsUsingExcel -->
        <test-method is-config="true" signature="tearDown()[pri:0, instance:com.tutorialsninja.qa.testcases.LoginTest@33bc72d1]" started-at="2023-09-02T17:58:33 EDT" name="tearDown" finished-at="2023-09-02T17:58:33 EDT" duration-ms="330" status="PASS">
          <reporter-output>
          </reporter-output>
        </test-method> <!-- tearDown -->
        <test-method is-config="true" signature="setUp()[pri:0, instance:com.tutorialsninja.qa.testcases.LoginTest@33bc72d1]" started-at="2023-09-02T17:58:33 EDT" name="setUp" finished-at="2023-09-02T17:58:40 EDT" duration-ms="6911" status="PASS">
          <reporter-output>
          </reporter-output>
        </test-method> <!-- setUp -->
        <test-method signature="loginWithValidCredentialsUsingExcel(java.lang.String,java.lang.String)[pri:6, instance:com.tutorialsninja.qa.testcases.LoginTest@33bc72d1]" started-at="2023-09-02T17:58:40 EDT" name="loginWithValidCredentialsUsingExcel" data-provider="TutorialsNinjaLogin" finished-at="2023-09-02T17:58:41 EDT" duration-ms="1349" status="PASS">
          <params>
            <param index="0">
              <value>
                <![CDATA[CruisingForNow@yahoo.com]]>
              </value>
            </param>
            <param index="1">
              <value>
                <![CDATA[idomyownStunts23]]>
              </value>
            </param>
          </params>
          <reporter-output>
          </reporter-output>
        </test-method> <!-- loginWithValidCredentialsUsingExcel -->
        <test-method is-config="true" signature="tearDown()[pri:0, instance:com.tutorialsninja.qa.testcases.LoginTest@33bc72d1]" started-at="2023-09-02T17:58:41 EDT" name="tearDown" finished-at="2023-09-02T17:58:41 EDT" duration-ms="371" status="PASS">
          <reporter-output>
          </reporter-output>
        </test-method> <!-- tearDown -->
        <test-method is-config="true" signature="setUp()[pri:0, instance:com.tutorialsninja.qa.testcases.LoginTest@33bc72d1]" started-at="2023-09-02T17:58:41 EDT" name="setUp" finished-at="2023-09-02T17:58:48 EDT" duration-ms="6541" status="PASS">
          <reporter-output>
          </reporter-output>
        </test-method> <!-- setUp -->
        <test-method signature="loginWithValidCredentialsUsingExcel(java.lang.String,java.lang.String)[pri:6, instance:com.tutorialsninja.qa.testcases.LoginTest@33bc72d1]" started-at="2023-09-02T17:58:48 EDT" name="loginWithValidCredentialsUsingExcel" data-provider="TutorialsNinjaLogin" finished-at="2023-09-02T17:58:49 EDT" duration-ms="1238" status="PASS">
          <params>
            <param index="0">
              <value>
                <![CDATA[WhatsupDoc@Gmail.com]]>
              </value>
            </param>
            <param index="1">
              <value>
                <![CDATA[CarrotFan321]]>
              </value>
            </param>
          </params>
          <reporter-output>
          </reporter-output>
        </test-method> <!-- loginWithValidCredentialsUsingExcel -->
        <test-method is-config="true" signature="tearDown()[pri:0, instance:com.tutorialsninja.qa.testcases.LoginTest@33bc72d1]" started-at="2023-09-02T17:58:49 EDT" name="tearDown" finished-at="2023-09-02T17:58:50 EDT" duration-ms="307" status="PASS">
          <reporter-output>
          </reporter-output>
        </test-method> <!-- tearDown -->
        <test-method is-config="true" signature="setUp()[pri:0, instance:com.tutorialsninja.qa.testcases.LoginTest@33bc72d1]" started-at="2023-09-02T17:58:50 EDT" name="setUp" finished-at="2023-09-02T17:58:56 EDT" duration-ms="6724" status="PASS">
          <reporter-output>
          </reporter-output>
        </test-method> <!-- setUp -->
        <test-method signature="loginWithValidCredentialsUsingExcel(java.lang.String,java.lang.String)[pri:6, instance:com.tutorialsninja.qa.testcases.LoginTest@33bc72d1]" started-at="2023-09-02T17:58:56 EDT" name="loginWithValidCredentialsUsingExcel" data-provider="TutorialsNinjaLogin" finished-at="2023-09-02T17:58:58 EDT" duration-ms="1259" status="PASS">
          <params>
            <param index="0">
              <value>
                <![CDATA[ClubHouseRules@Gmail.com]]>
              </value>
            </param>
            <param index="1">
              <value>
                <![CDATA[IhateMinnie84]]>
              </value>
            </param>
          </params>
          <reporter-output>
          </reporter-output>
        </test-method> <!-- loginWithValidCredentialsUsingExcel -->
        <test-method is-config="true" signature="tearDown()[pri:0, instance:com.tutorialsninja.qa.testcases.LoginTest@33bc72d1]" started-at="2023-09-02T17:58:58 EDT" name="tearDown" finished-at="2023-09-02T17:58:58 EDT" duration-ms="369" status="PASS">
          <reporter-output>
          </reporter-output>
        </test-method> <!-- tearDown -->
        <test-method is-config="true" signature="setUp()[pri:0, instance:com.tutorialsninja.qa.testcases.LoginTest@33bc72d1]" started-at="2023-09-02T17:58:58 EDT" name="setUp" finished-at="2023-09-02T17:59:05 EDT" duration-ms="7152" status="PASS">
          <reporter-output>
          </reporter-output>
        </test-method> <!-- setUp -->
        <test-method signature="loginWithValidCredentialsUsingExcel(java.lang.String,java.lang.String)[pri:6, instance:com.tutorialsninja.qa.testcases.LoginTest@33bc72d1]" started-at="2023-09-02T17:59:05 EDT" name="loginWithValidCredentialsUsingExcel" data-provider="TutorialsNinjaLogin" finished-at="2023-09-02T17:59:06 EDT" duration-ms="1189" status="PASS">
          <params>
            <param index="0">
              <value>
                <![CDATA[EthanontheHunt@gmail.com]]>
              </value>
            </param>
            <param index="1">
              <value>
                <![CDATA[ijumpoffShit55]]>
              </value>
            </param>
          </params>
          <reporter-output>
          </reporter-output>
        </test-method> <!-- loginWithValidCredentialsUsingExcel -->
        <test-method is-config="true" signature="tearDown()[pri:0, instance:com.tutorialsninja.qa.testcases.LoginTest@33bc72d1]" started-at="2023-09-02T17:59:06 EDT" name="tearDown" finished-at="2023-09-02T17:59:06 EDT" duration-ms="201" status="PASS">
          <reporter-output>
          </reporter-output>
        </test-method> <!-- tearDown -->
      </class> <!-- com.tutorialsninja.qa.testcases.LoginTest -->
    </test> <!-- Default test -->
  </suite> <!-- Default suite -->
</testng-results>
